#
# A fatal error has been detected by the Java Runtime Environment:
#
#  EXCEPTION_ACCESS_VIOLATION (0xc0000005) at pc=0x6ee97b23, pid=4040, tid=1488
#
# JRE version: 7.0_21-b11
# Java VM: Java HotSpot(TM) Server VM (23.21-b01 mixed mode windows-x86 )
# Problematic frame:
# V  [jvm.dll+0xa7b23]
#
# Failed to write core dump. Minidumps are not enabled by default on client versions of Windows
#
# If you would like to submit a bug report, please visit:
#   http://bugreport.sun.com/bugreport/crash.jsp
#

---------------  T H R E A D  ---------------

Current thread (0x091e0000):  JavaThread "AWT-EventQueue-0" [_thread_in_vm, id=1488, stack(0x0b3b0000,0x0b7b0000)]

siginfo: ExceptionCode=0xc0000005, reading address 0x00000008

Registers:
EAX=0x091e0000, EBX=0xffffffff, ECX=0x00000000, EDX=0x0b7aeb34
ESP=0x0b7ae80c, EBP=0x0b7ae80c, ESI=0x00000000, EDI=0x00000000
EIP=0x6ee97b23, EFLAGS=0x00010246

Top of Stack: (sp=0x0b7ae80c)
0x0b7ae80c:   0b7ae940 6ef3efd9 ffffffff 091e0000
0x0b7ae81c:   091bbbe0 0b7aeb2c 0b7ae834 6ee371ac
0x0b7ae82c:   091883f8 10e828e0 0b7ae85c 6ee331c6
0x0b7ae83c:   091883f8 091883f8 091bbbe0 00bd01e8
0x0b7ae84c:   091bbbe0 01417948 0b7aeafc 0b7ae9bc
0x0b7ae85c:   6ef3fcce 00000001 00000000 0b7aeb34
0x0b7ae86c:   091e0000 091e0000 00000000 0b7aeb2c
0x0b7ae87c:   012dd4c8 00000000 0b7aeb28 0b7aea14 

Instructions: (pc=0x6ee97b23)
0x6ee97b03:   d1 8d 42 d0 5e 5d c2 04 00 33 c0 5e 5d c2 04 00
0x6ee97b13:   cc cc cc cc cc cc cc cc cc cc cc cc cc 55 8b ec
0x6ee97b23:   8b 41 08 8b 4d 08 8d 44 08 30 5d c2 04 00 cc cc
0x6ee97b33:   cc cc cc cc cc cc cc cc cc cc cc cc cc 55 8b ec 


Register to memory mapping:

EAX=0x091e0000 is a thread
EBX=0xffffffff is an unknown value
ECX=0x00000000 is an unknown value
EDX=0x0b7aeb34 is pointing into the stack for thread: 0x091e0000
ESP=0x0b7ae80c is pointing into the stack for thread: 0x091e0000
EBP=0x0b7ae80c is pointing into the stack for thread: 0x091e0000
ESI=0x00000000 is an unknown value
EDI=0x00000000 is an unknown value


Stack: [0x0b3b0000,0x0b7b0000],  sp=0x0b7ae80c,  free space=4090k
Native frames: (J=compiled Java code, j=interpreted, Vv=VM code, C=native code)
V  [jvm.dll+0xa7b23]
V  [jvm.dll+0x14efd9]
V  [jvm.dll+0x14f779]
V  [jvm.dll+0x14facf]
V  [jvm.dll+0x150bf9]
V  [jvm.dll+0x1510d1]
v  ~RuntimeStub::resolve_opt_virtual_call

Java frames: (J=compiled Java code, j=interpreted, Vv=VM code)
v  ~RuntimeStub::resolve_opt_virtual_call
J  org.openide.filesystems.AbstractFolder.getChild(Ljava/lang/String;)Lorg/openide/filesystems/AbstractFolder;
J  org.openide.filesystems.AbstractFolder.getChildren()[Lorg/openide/filesystems/FileObject;
j  org.openide.filesystems.MultiFileObject.list()[Ljava/lang/String;+72
j  org.openide.filesystems.AbstractFolder.getNewChildren([Ljava/lang/String;)[Ljava/lang/String;+9
j  org.openide.filesystems.AbstractFolder.refreshFolder(Ljava/lang/String;Ljava/lang/String;ZZ[Ljava/lang/String;)V+10
j  org.openide.filesystems.AbstractFolder.refresh(Ljava/lang/String;Ljava/lang/String;ZZ[Ljava/lang/String;)V+15
j  org.openide.filesystems.AbstractFolder.refresh(Ljava/lang/String;Ljava/lang/String;ZZ)V+7
j  org.openide.filesystems.MultiFileObject.refresh(Ljava/lang/String;Ljava/lang/String;ZZ)V+22
j  org.openide.filesystems.AbstractFolder.check()V+12
j  org.openide.filesystems.AbstractFolder.getFileObjectImpl(Ljava/lang/String;Ljava/lang/String;)Lorg/openide/filesystems/FileObject;+1
j  org.openide.filesystems.AbstractFolder.getFileObject(Ljava/lang/String;Ljava/lang/String;)Lorg/openide/filesystems/FileObject;+10
j  org.openide.filesystems.FileObject.getFileObject(Ljava/lang/String;)Lorg/openide/filesystems/FileObject;+135
j  org.netbeans.core.startup.preferences.PropertiesStorage.toPropertiesFile()Lorg/openide/filesystems/FileObject;+7
j  org.netbeans.core.startup.preferences.PropertiesStorage.existsNode()Z+1
j  org.netbeans.core.startup.preferences.NbPreferences.<init>(Lorg/netbeans/core/startup/preferences/NbPreferences;Ljava/lang/String;)V+64
j  org.netbeans.core.startup.preferences.NbPreferences.<init>(Lorg/netbeans/core/startup/preferences/NbPreferences;Ljava/lang/String;Lorg/netbeans/core/startup/preferences/NbPreferences$1;)V+3
j  org.netbeans.core.startup.preferences.NbPreferences$UserPreferences.<init>(Lorg/netbeans/core/startup/preferences/NbPreferences;Ljava/lang/String;)V+4
j  org.netbeans.core.startup.preferences.NbPreferences$UserPreferences.childSpi(Ljava/lang/String;)Ljava/util/prefs/AbstractPreferences;+6
j  java.util.prefs.AbstractPreferences.node(Ljava/util/StringTokenizer;)Ljava/util/prefs/Preferences;+94
j  java.util.prefs.AbstractPreferences.node(Ljava/util/StringTokenizer;)Ljava/util/prefs/Preferences;+163
j  java.util.prefs.AbstractPreferences.node(Ljava/util/StringTokenizer;)Ljava/util/prefs/Preferences;+163
j  java.util.prefs.AbstractPreferences.node(Ljava/util/StringTokenizer;)Ljava/util/prefs/Preferences;+163
j  java.util.prefs.AbstractPreferences.node(Ljava/lang/String;)Ljava/util/prefs/Preferences;+75
j  org.netbeans.core.startup.preferences.PreferencesProviderImpl.preferencesForModule(Ljava/lang/Class;)Ljava/util/prefs/Preferences;+72
j  org.openide.util.NbPreferences.forModule(Ljava/lang/Class;)Ljava/util/prefs/Preferences;+16
j  org.netbeans.core.windows.TopComponentTracker.getPreferences()Ljava/util/prefs/Preferences;+3
j  org.netbeans.core.windows.TopComponentTracker.load()V+1
j  org.netbeans.core.windows.PersistenceHandler.load()V+14
j  org.netbeans.core.windows.WindowSystemImpl.load()V+17
j  org.netbeans.core.GuiRunLevel$InitWinSys.run()V+23
j  java.awt.event.InvocationEvent.dispatch()V+47
j  java.awt.EventQueue.dispatchEventImpl(Ljava/awt/AWTEvent;Ljava/lang/Object;)V+21
j  java.awt.EventQueue.access$200(Ljava/awt/EventQueue;Ljava/awt/AWTEvent;Ljava/lang/Object;)V+3
j  java.awt.EventQueue$3.run()Ljava/lang/Void;+12
j  java.awt.EventQueue$3.run()Ljava/lang/Object;+1
v  ~StubRoutines::call_stub
j  java.security.AccessController.doPrivileged(Ljava/security/PrivilegedAction;Ljava/security/AccessControlContext;)Ljava/lang/Object;+0
j  java.security.ProtectionDomain$1.doIntersectionPrivilege(Ljava/security/PrivilegedAction;Ljava/security/AccessControlContext;Ljava/security/AccessControlContext;)Ljava/lang/Object;+28
j  java.awt.EventQueue.dispatchEvent(Ljava/awt/AWTEvent;)V+46
j  org.netbeans.core.TimableEventQueue.dispatchEvent(Ljava/awt/AWTEvent;)V+17
j  java.awt.EventDispatchThread.pumpOneEventForFilters(I)V+245
j  java.awt.EventDispatchThread.pumpEventsForFilter(ILjava/awt/Conditional;Ljava/awt/EventFilter;)V+35
j  java.awt.EventDispatchThread.pumpEventsForHierarchy(ILjava/awt/Conditional;Ljava/awt/Component;)V+11
j  java.awt.EventDispatchThread.pumpEvents(ILjava/awt/Conditional;)V+4
j  java.awt.EventDispatchThread.pumpEvents(Ljava/awt/Conditional;)V+3
j  java.awt.EventDispatchThread.run()V+9
v  ~StubRoutines::call_stub

---------------  P R O C E S S  ---------------

Java Threads: ( => current thread )
  0x0c1a1400 JavaThread "TimerQueue" daemon [_thread_blocked, id=1484, stack(0x0d7b0000,0x0dbb0000)]
  0x0c186800 JavaThread "Thread-3" daemon [_thread_blocked, id=2972, stack(0x0d3b0000,0x0d7b0000)]
  0x0c199400 JavaThread "W32 File Monitor" daemon [_thread_blocked, id=2976, stack(0x0cfb0000,0x0d3b0000)]
  0x0c10ec00 JavaThread "File Watcher" daemon [_thread_blocked, id=3516, stack(0x0cbb0000,0x0cfb0000)]
  0x0bbee400 JavaThread "Inactive RequestProcessor thread [Was:Folder Instance Processor/org.openide.loaders.FolderInstance$1R]" daemon [_thread_blocked, id=3488, stack(0x0c7b0000,0x0cbb0000)]
  0x0932b800 JavaThread "D3D Screen Updater" daemon [_thread_blocked, id=3900, stack(0x0c3b0000,0x0c7b0000)]
  0x0924cc00 JavaThread "Inactive RequestProcessor thread [Was:Logging Flush/org.netbeans.core.startup.logging.DispatchingHandler]" daemon [_thread_blocked, id=1340, stack(0x0b7b0000,0x0bbb0000)]
=>0x091e0000 JavaThread "AWT-EventQueue-0" [_thread_in_vm, id=1488, stack(0x0b3b0000,0x0b7b0000)]
  0x09136c00 JavaThread "AWT-Windows" daemon [_thread_in_native, id=472, stack(0x0afa0000,0x0b3a0000)]
  0x09135c00 JavaThread "AWT-Shutdown" [_thread_blocked, id=312, stack(0x0aba0000,0x0afa0000)]
  0x09134800 JavaThread "Java2D Disposer" daemon [_thread_blocked, id=2040, stack(0x0a7a0000,0x0aba0000)]
  0x090f8800 JavaThread "RequestProcessor queue manager" daemon [_thread_blocked, id=3300, stack(0x0a3a0000,0x0a7a0000)]
  0x09079000 JavaThread "main" [_thread_blocked, id=3364, stack(0x09fa0000,0x0a3a0000)]
  0x09073800 JavaThread "Inactive RequestProcessor thread [Was:OpenIDE-request-processor-0/org.openide.util.lookup.AbstractLookup$NotifyListeners]" daemon [_thread_blocked, id=668, stack(0x09ba0000,0x09fa0000)]
  0x09066000 JavaThread "CLI Requests Server" daemon [_thread_in_native, id=2196, stack(0x097a0000,0x09ba0000)]
  0x09043000 JavaThread "Active Reference Queue Daemon" daemon [_thread_blocked, id=1924, stack(0x09360000,0x09760000)]
  0x07191800 JavaThread "Service Thread" daemon [_thread_blocked, id=1224, stack(0x08960000,0x08d60000)]
  0x07187000 JavaThread "C2 CompilerThread1" daemon [_thread_blocked, id=900, stack(0x08760000,0x08960000)]
  0x07181800 JavaThread "C2 CompilerThread0" daemon [_thread_blocked, id=3536, stack(0x08560000,0x08760000)]
  0x0717fc00 JavaThread "Attach Listener" daemon [_thread_blocked, id=680, stack(0x08160000,0x08560000)]
  0x0717e800 JavaThread "Signal Dispatcher" daemon [_thread_blocked, id=3600, stack(0x07d60000,0x08160000)]
  0x07149400 JavaThread "Finalizer" daemon [_thread_blocked, id=2612, stack(0x078b0000,0x07cb0000)]
  0x07144400 JavaThread "Reference Handler" daemon [_thread_blocked, id=3020, stack(0x074b0000,0x078b0000)]
  0x00bd0c00 JavaThread "main" [_thread_blocked, id=700, stack(0x00030000,0x00230000)]

Other Threads:
  0x00cc8800 VMThread [stack: 0x072b0000,0x074b0000] [id=2724]
  0x07193400 WatcherThread [stack: 0x08d60000,0x08f60000] [id=2952]

VM state:synchronizing (normal execution)

VM Mutex/Monitor currently owned by a thread:  ([mutex/lock_event])
[0x00b3bc10] Threads_lock - owner thread: 0x00cc8800

Heap
 PSYoungGen      total 69760K, used 23120K [0x395b0000, 0x3e130000, 0x4a050000)
  eden space 64896K, 28% used [0x395b0000,0x3a784fd0,0x3d510000)
  from space 4864K, 99% used [0x3dab0000,0x3df6f060,0x3df70000)
  to   space 5760K, 0% used [0x3d510000,0x3d510000,0x3dab0000)
 ParOldGen       total 43712K, used 6264K [0x18050000, 0x1ab00000, 0x395b0000)
  object space 43712K, 14% used [0x18050000,0x1866e068,0x1ab00000)
 PSPermGen       total 65536K, used 14595K [0x10050000, 0x14050000, 0x18050000)
  object space 65536K, 22% used [0x10050000,0x10e90fc8,0x14050000)

Card table byte_map: [0x04370000,0x04550000] byte_map_base: 0x042efd80

Polling page: 0x00b90000

Code Cache  [0x012b0000, 0x014f0000, 0x042b0000)
 total_blobs=622 nmethods=409 adapters=165 free_code_cache=47788Kb largest_free_block=48815296

Compilation events (10 events):
Event: 9.577 Thread 0x07181800  430             org.openide.util.lookup.InheritanceTree::extractNode (42 bytes)
Event: 9.580 Thread 0x07181800 nmethod 430 0x01357d08 code [0x01357e00, 0x01357f30]
Event: 9.581 Thread 0x07181800  431             java.util.IdentityHashMap::hash (18 bytes)
Event: 9.582 Thread 0x07181800 nmethod 431 0x01303b08 code [0x01303c00, 0x01303c7c]
Event: 9.589 Thread 0x07181800  432             java.util.IdentityHashMap::maskNull (12 bytes)
Event: 9.589 Thread 0x07181800 nmethod 432 0x012fc3c8 code [0x012fc4c0, 0x012fc510]
Event: 9.606 Thread 0x07181800  433             org.netbeans.core.startup.layers.BinaryFS$BFSBase::getNameExt (5 bytes)
Event: 9.606 Thread 0x07181800 nmethod 433 0x0132a3c8 code [0x0132a4c0, 0x0132a510]
Event: 9.629 Thread 0x07181800  434             sun.nio.cs.UTF_8$Decoder::decodeArrayLoop (543 bytes)
Event: 9.649 Thread 0x07181800 nmethod 434 0x013d4588 code [0x013d4780, 0x013d51fc]

GC Heap History (10 events):
Event: 2.836 GC heap before
{Heap before GC invocations=2 (full 0):
 PSYoungGen      total 19136K, used 18919K [0x395b0000, 0x3ab00000, 0x4a050000)
  eden space 16448K, 100% used [0x395b0000,0x3a5c0000,0x3a5c0000)
  from space 2688K, 91% used [0x3a5c0000,0x3a829c98,0x3a860000)
  to   space 2688K, 0% used [0x3a860000,0x3a860000,0x3ab00000)
 ParOldGen       total 43712K, used 557K [0x18050000, 0x1ab00000, 0x395b0000)
  object space 43712K, 1% used [0x18050000,0x180db490,0x1ab00000)
 PSPermGen       total 65536K, used 9085K [0x10050000, 0x14050000, 0x18050000)
  object space 65536K, 13% used [0x10050000,0x1092f458,0x14050000)
Event: 2.857 GC heap after
Heap after GC invocations=2 (full 0):
 PSYoungGen      total 19136K, used 2683K [0x395b0000, 0x3bb10000, 0x4a050000)
  eden space 16448K, 0% used [0x395b0000,0x395b0000,0x3a5c0000)
  from space 2688K, 99% used [0x3a860000,0x3aafee88,0x3ab00000)
  to   space 2688K, 0% used [0x3a5c0000,0x3a5c0000,0x3a860000)
 ParOldGen       total 43712K, used 2290K [0x18050000, 0x1ab00000, 0x395b0000)
  object space 43712K, 5% used [0x18050000,0x1828ca50,0x1ab00000)
 PSPermGen       total 65536K, used 9085K [0x10050000, 0x14050000, 0x18050000)
  object space 65536K, 13% used [0x10050000,0x1092f458,0x14050000)
}
Event: 3.733 GC heap before
{Heap before GC invocations=3 (full 0):
 PSYoungGen      total 19136K, used 19131K [0x395b0000, 0x3bb10000, 0x4a050000)
  eden space 16448K, 100% used [0x395b0000,0x3a5c0000,0x3a5c0000)
  from space 2688K, 99% used [0x3a860000,0x3aafee88,0x3ab00000)
  to   space 2688K, 0% used [0x3a5c0000,0x3a5c0000,0x3a860000)
 ParOldGen       total 43712K, used 2290K [0x18050000, 0x1ab00000, 0x395b0000)
  object space 43712K, 5% used [0x18050000,0x1828ca50,0x1ab00000)
 PSPermGen       total 65536K, used 9151K [0x10050000, 0x14050000, 0x18050000)
  object space 65536K, 13% used [0x10050000,0x1093fd40,0x14050000)
Event: 3.745 GC heap after
Heap after GC invocations=3 (full 0):
 PSYoungGen      total 19136K, used 2685K [0x395b0000, 0x3bb10000, 0x4a050000)
  eden space 16448K, 0% used [0x395b0000,0x395b0000,0x3a5c0000)
  from space 2688K, 99% used [0x3a5c0000,0x3a85f6f8,0x3a860000)
  to   space 2688K, 0% used [0x3b870000,0x3b870000,0x3bb10000)
 ParOldGen       total 43712K, used 3728K [0x18050000, 0x1ab00000, 0x395b0000)
  object space 43712K, 8% used [0x18050000,0x183f4278,0x1ab00000)
 PSPermGen       total 65536K, used 9151K [0x10050000, 0x14050000, 0x18050000)
  object space 65536K, 13% used [0x10050000,0x1093fd40,0x14050000)
}
Event: 4.129 GC heap before
{Heap before GC invocations=4 (full 0):
 PSYoungGen      total 19136K, used 19133K [0x395b0000, 0x3bb10000, 0x4a050000)
  eden space 16448K, 100% used [0x395b0000,0x3a5c0000,0x3a5c0000)
  from space 2688K, 99% used [0x3a5c0000,0x3a85f6f8,0x3a860000)
  to   space 2688K, 0% used [0x3b870000,0x3b870000,0x3bb10000)
 ParOldGen       total 43712K, used 3728K [0x18050000, 0x1ab00000, 0x395b0000)
  object space 43712K, 8% used [0x18050000,0x183f4278,0x1ab00000)
 PSPermGen       total 65536K, used 9174K [0x10050000, 0x14050000, 0x18050000)
  object space 65536K, 13% used [0x10050000,0x10945980,0x14050000)
Event: 4.140 GC heap after
Heap after GC invocations=4 (full 0):
 PSYoungGen      total 35584K, used 2676K [0x395b0000, 0x3bb10000, 0x4a050000)
  eden space 32896K, 0% used [0x395b0000,0x395b0000,0x3b5d0000)
  from space 2688K, 99% used [0x3b870000,0x3bb0d180,0x3bb10000)
  to   space 2688K, 0% used [0x3b5d0000,0x3b5d0000,0x3b870000)
 ParOldGen       total 43712K, used 4313K [0x18050000, 0x1ab00000, 0x395b0000)
  object space 43712K, 9% used [0x18050000,0x184864d8,0x1ab00000)
 PSPermGen       total 65536K, used 9174K [0x10050000, 0x14050000, 0x18050000)
  object space 65536K, 13% used [0x10050000,0x10945980,0x14050000)
}
Event: 5.876 GC heap before
{Heap before GC invocations=5 (full 0):
 PSYoungGen      total 35584K, used 35572K [0x395b0000, 0x3bb10000, 0x4a050000)
  eden space 32896K, 100% used [0x395b0000,0x3b5d0000,0x3b5d0000)
  from space 2688K, 99% used [0x3b870000,0x3bb0d180,0x3bb10000)
  to   space 2688K, 0% used [0x3b5d0000,0x3b5d0000,0x3b870000)
 ParOldGen       total 43712K, used 4313K [0x18050000, 0x1ab00000, 0x395b0000)
  object space 43712K, 9% used [0x18050000,0x184864d8,0x1ab00000)
 PSPermGen       total 65536K, used 9456K [0x10050000, 0x14050000, 0x18050000)
  object space 65536K, 14% used [0x10050000,0x1098c350,0x14050000)
Event: 5.907 GC heap after
Heap after GC invocations=5 (full 0):
 PSYoungGen      total 35584K, used 2684K [0x395b0000, 0x3df70000, 0x4a050000)
  eden space 32896K, 0% used [0x395b0000,0x395b0000,0x3b5d0000)
  from space 2688K, 99% used [0x3b5d0000,0x3b86f170,0x3b870000)
  to   space 4864K, 0% used [0x3dab0000,0x3dab0000,0x3df70000)
 ParOldGen       total 43712K, used 5557K [0x18050000, 0x1ab00000, 0x395b0000)
  object space 43712K, 12% used [0x18050000,0x185bd438,0x1ab00000)
 PSPermGen       total 65536K, used 9456K [0x10050000, 0x14050000, 0x18050000)
  object space 65536K, 14% used [0x10050000,0x1098c350,0x14050000)
}
Event: 8.826 GC heap before
{Heap before GC invocations=6 (full 0):
 PSYoungGen      total 35584K, used 35580K [0x395b0000, 0x3df70000, 0x4a050000)
  eden space 32896K, 100% used [0x395b0000,0x3b5d0000,0x3b5d0000)
  from space 2688K, 99% used [0x3b5d0000,0x3b86f170,0x3b870000)
  to   space 4864K, 0% used [0x3dab0000,0x3dab0000,0x3df70000)
 ParOldGen       total 43712K, used 5557K [0x18050000, 0x1ab00000, 0x395b0000)
  object space 43712K, 12% used [0x18050000,0x185bd438,0x1ab00000)
 PSPermGen       total 65536K, used 14069K [0x10050000, 0x14050000, 0x18050000)
  object space 65536K, 21% used [0x10050000,0x10e0d470,0x14050000)
Event: 8.935 GC heap after
Heap after GC invocations=6 (full 0):
 PSYoungGen      total 69760K, used 4860K [0x395b0000, 0x3e130000, 0x4a050000)
  eden space 64896K, 0% used [0x395b0000,0x395b0000,0x3d510000)
  from space 4864K, 99% used [0x3dab0000,0x3df6f060,0x3df70000)
  to   space 5760K, 0% used [0x3d510000,0x3d510000,0x3dab0000)
 ParOldGen       total 43712K, used 6264K [0x18050000, 0x1ab00000, 0x395b0000)
  object space 43712K, 14% used [0x18050000,0x1866e068,0x1ab00000)
 PSPermGen       total 65536K, used 14069K [0x10050000, 0x14050000, 0x18050000)
  object space 65536K, 21% used [0x10050000,0x10e0d470,0x14050000)
}

Deoptimization events (10 events):
Event: 6.957 Thread 0x091e0000 Uncommon trap -34 fr.pc 0x01398310
Event: 6.960 Thread 0x091e0000 Uncommon trap -34 fr.pc 0x01398310
Event: 7.528 Thread 0x09073800 Uncommon trap -34 fr.pc 0x0137ff58
Event: 7.529 Thread 0x09073800 Uncommon trap -34 fr.pc 0x0138dae4
Event: 7.555 Thread 0x091e0000 Uncommon trap -83 fr.pc 0x0130e238
Event: 8.413 Thread 0x09073800 Uncommon trap -12 fr.pc 0x013ed4f0
Event: 8.941 Thread 0x07149400 Uncommon trap -83 fr.pc 0x0133be40
Event: 8.942 Thread 0x07149400 Uncommon trap -83 fr.pc 0x013381f4
Event: 9.305 Thread 0x0bbee400 Uncommon trap -12 fr.pc 0x0140a560
Event: 9.614 Thread 0x09079000 Uncommon trap -122 fr.pc 0x013134c8

Internal exceptions (10 events):
Event: 9.353 Thread 0x0bbee400 Threw 0x39fbc480 at C:\jdk7u2_32P\jdk7u21\hotspot\src\share\vm\prims\jvm.cpp:1166
Event: 9.353 Thread 0x0bbee400 Threw 0x39fbe0e8 at C:\jdk7u2_32P\jdk7u21\hotspot\src\share\vm\prims\jvm.cpp:1166
Event: 9.354 Thread 0x0bbee400 Threw 0x39fc3098 at C:\jdk7u2_32P\jdk7u21\hotspot\src\share\vm\prims\jvm.cpp:1166
Event: 9.354 Thread 0x0bbee400 Threw 0x39fc9878 at C:\jdk7u2_32P\jdk7u21\hotspot\src\share\vm\prims\jvm.cpp:1166
Event: 9.442 Thread 0x091e0000 Threw 0x3a46b1d0 at C:\jdk7u2_32P\jdk7u21\hotspot\src\share\vm\prims\jvm.cpp:1166
Event: 9.447 Thread 0x091e0000 Threw 0x3a486328 at C:\jdk7u2_32P\jdk7u21\hotspot\src\share\vm\prims\jvm.cpp:1166
Event: 9.541 Thread 0x0bbee400 Threw 0x39fed080 at C:\jdk7u2_32P\jdk7u21\hotspot\src\share\vm\prims\jvm.cpp:1166
Event: 9.541 Thread 0x0bbee400 Threw 0x39feee58 at C:\jdk7u2_32P\jdk7u21\hotspot\src\share\vm\prims\jvm.cpp:1166
Event: 9.624 Thread 0x091e0000 Threw 0x3a5ce5f8 at C:\jdk7u2_32P\jdk7u21\hotspot\src\share\vm\prims\jvm.cpp:1166
Event: 9.624 Thread 0x091e0000 Threw 0x3a5d0e98 at C:\jdk7u2_32P\jdk7u21\hotspot\src\share\vm\prims\jvm.cpp:1166

Events (10 events):
Event: 9.621 loading class 0x0e75fe38
Event: 9.621 loading class 0x0e75fe38 done
Event: 9.623 loading class 0x0dd53248
Event: 9.624 loading class 0x0dd53248 done
Event: 9.626 loading class 0x0e3736d8
Event: 9.626 loading class 0x0e3736d8 done
Event: 9.627 loading class 0x0e75fd18
Event: 9.627 loading class 0x0e75fd18 done
Event: 9.627 loading class 0x0e75fda8
Event: 9.627 loading class 0x0e75fda8 done


Dynamic libraries:
0x00400000 - 0x0042f000 	C:\Program Files\NetBeans 7.3\platform\lib\nbexec.exe
0x7c900000 - 0x7c9b2000 	C:\WINDOWS\system32\ntdll.dll
0x7c800000 - 0x7c8f6000 	C:\WINDOWS\system32\kernel32.dll
0x77dd0000 - 0x77e6b000 	C:\WINDOWS\system32\ADVAPI32.DLL
0x77e70000 - 0x77f03000 	C:\WINDOWS\system32\RPCRT4.dll
0x77fe0000 - 0x77ff1000 	C:\WINDOWS\system32\Secur32.dll
0x77c10000 - 0x77c68000 	C:\WINDOWS\system32\msvcrt.dll
0x7e410000 - 0x7e4a1000 	C:\WINDOWS\system32\USER32.dll
0x77f10000 - 0x77f59000 	C:\WINDOWS\system32\GDI32.dll
0x76390000 - 0x763ad000 	C:\WINDOWS\system32\IMM32.DLL
0x629c0000 - 0x629c9000 	C:\WINDOWS\system32\LPK.DLL
0x74d90000 - 0x74dfb000 	C:\WINDOWS\system32\USP10.dll
0x10000000 - 0x1004d000 	C:\WINDOWS\system32\guard32.dll
0x77c00000 - 0x77c08000 	C:\WINDOWS\system32\VERSION.dll
0x4ffe0000 - 0x4ffe8000 	C:\WINDOWS\system32\fltlib.dll
0x009d0000 - 0x00a35000 	C:\Program Files\NetBeans 7.3\platform\lib\nbexec.dll
0x71ab0000 - 0x71ac7000 	C:\WINDOWS\system32\WS2_32.dll
0x71aa0000 - 0x71aa8000 	C:\WINDOWS\system32\WS2HELP.dll
0x6edf0000 - 0x6f326000 	C:\Program Files\Java\jdk1.7.0_21\jre\bin\server\jvm.dll
0x71ad0000 - 0x71ad9000 	C:\WINDOWS\system32\WSOCK32.dll
0x76b40000 - 0x76b6d000 	C:\WINDOWS\system32\WINMM.dll
0x76bf0000 - 0x76bfb000 	C:\WINDOWS\system32\PSAPI.DLL
0x78aa0000 - 0x78b5e000 	C:\Program Files\Java\jdk1.7.0_21\jre\bin\MSVCR100.dll
0x6e6d0000 - 0x6e705000 	C:\Program Files\Java\jdk1.7.0_21\jre\bin\splashscreen.dll
0x5ad70000 - 0x5ada8000 	C:\WINDOWS\system32\uxtheme.dll
0x6e810000 - 0x6e81c000 	C:\Program Files\Java\jdk1.7.0_21\jre\bin\verify.dll
0x6d5a0000 - 0x6d5c0000 	C:\Program Files\Java\jdk1.7.0_21\jre\bin\java.dll
0x74720000 - 0x7476c000 	C:\WINDOWS\system32\MSCTF.dll
0x00fc0000 - 0x01135000 	C:\WINDOWS\system32\nview.dll
0x77f60000 - 0x77fd6000 	C:\WINDOWS\system32\SHLWAPI.dll
0x7c9c0000 - 0x7d1d8000 	C:\WINDOWS\system32\SHELL32.dll
0x774e0000 - 0x7761e000 	C:\WINDOWS\system32\ole32.dll
0x77120000 - 0x771ab000 	C:\WINDOWS\system32\OLEAUT32.dll
0x773d0000 - 0x774d3000 	C:\WINDOWS\WinSxS\x86_Microsoft.Windows.Common-Controls_6595b64144ccf1df_6.0.2600.6028_x-ww_61e65202\COMCTL32.dll
0x77690000 - 0x776b1000 	C:\WINDOWS\system32\NTMARTA.DLL
0x71bf0000 - 0x71c03000 	C:\WINDOWS\system32\SAMLIB.dll
0x76f60000 - 0x76f8c000 	C:\WINDOWS\system32\WLDAP32.dll
0x755c0000 - 0x755ee000 	C:\WINDOWS\system32\msctfime.ime
0x6e8a0000 - 0x6e8b3000 	C:\Program Files\Java\jdk1.7.0_21\jre\bin\zip.dll
0x6e5c0000 - 0x6e5d4000 	C:\Program Files\Java\jdk1.7.0_21\jre\bin\net.dll
0x6e5e0000 - 0x6e5ee000 	C:\Program Files\Java\jdk1.7.0_21\jre\bin\nio.dll
0x76d60000 - 0x76d79000 	C:\WINDOWS\system32\IPHLPAPI.DLL
0x76d40000 - 0x76d58000 	C:\WINDOWS\system32\MPRAPI.dll
0x77cc0000 - 0x77cf2000 	C:\WINDOWS\system32\ACTIVEDS.dll
0x76e10000 - 0x76e35000 	C:\WINDOWS\system32\adsldpc.dll
0x5b860000 - 0x5b8b6000 	C:\WINDOWS\system32\NETAPI32.dll
0x76b20000 - 0x76b31000 	C:\WINDOWS\system32\ATL.DLL
0x76e80000 - 0x76e8e000 	C:\WINDOWS\system32\rtutils.dll
0x77920000 - 0x77a13000 	C:\WINDOWS\system32\SETUPAPI.dll
0x71a50000 - 0x71a8f000 	C:\WINDOWS\system32\mswsock.dll
0x662b0000 - 0x66308000 	C:\WINDOWS\system32\hnetcfg.dll
0x71a90000 - 0x71a98000 	C:\WINDOWS\System32\wshtcpip.dll
0x68000000 - 0x68036000 	C:\WINDOWS\system32\rsaenh.dll
0x769c0000 - 0x76a74000 	C:\WINDOWS\system32\USERENV.dll
0x6d110000 - 0x6d252000 	C:\Program Files\Java\jdk1.7.0_21\jre\bin\awt.dll
0x76f20000 - 0x76f47000 	C:\WINDOWS\system32\DNSAPI.dll
0x4fdd0000 - 0x4ff76000 	C:\WINDOWS\system32\d3d9.dll
0x6d990000 - 0x6d996000 	C:\WINDOWS\system32\d3d8thk.dll
0x76fb0000 - 0x76fb8000 	C:\WINDOWS\System32\winrnr.dll
0x76fc0000 - 0x76fc6000 	C:\WINDOWS\system32\rasadhlp.dll
0x6d380000 - 0x6d3b1000 	C:\Program Files\Java\jdk1.7.0_21\jre\bin\fontmanager.dll
0x6e7c0000 - 0x6e7f0000 	C:\Program Files\Java\jdk1.7.0_21\jre\bin\t2k.dll
0x00e60000 - 0x00ed2000 	C:\Program Files\NetBeans 7.3\platform\modules\lib\x86\jnidispatch-340.dll
0x59a60000 - 0x59b01000 	C:\WINDOWS\system32\dbghelp.dll

VM Arguments:
jvm_args: -Dnetbeans.logger.console=true -ea -Xss4m -Xms64m -Xmx800M -XX:PermSize=64m -XX:MaxPermSize=128M -Xverify:none -Djdk.home=C:\Program Files\Java\jdk1.7.0_21 -splash:C:\work\JavaProjects\Glotaran13\glotaran~glotaran-1-3\build\testuserdir\var\cache\splash.png -Dnetbeans.home=C:\Program Files\NetBeans 7.3\platform -Dnetbeans.user=C:\work\JavaProjects\Glotaran13\glotaran~glotaran-1-3\build\testuserdir -Dnetbeans.default_userdir_root= -XX:+HeapDumpOnOutOfMemoryError -XX:HeapDumpPath=C:\work\JavaProjects\Glotaran13\glotaran~glotaran-1-3\build\testuserdir\var\log\heapdump.hprof -Dnetbeans.system_http_proxy=PAC http://www.ubvu.vu.nl/ubvu.pac -Dsun.awt.keepWorkingSetOnMinimize=true -Dnetbeans.dirs=C:\work\JavaProjects\Glotaran13\glotaran~glotaran-1-3\build\cluster;C:\Program Files\NetBeans 7.3\ide;C:\Program Files\NetBeans 7.3\java;C:\Program Files\NetBeans 7.3\platform exit 
java_command: <unknown>
Launcher Type: generic

Environment Variables:
PATH=C:\WINDOWS\system32;C:\WINDOWS;C:\WINDOWS\System32\Wbem;C:\Program Files\Intel\WiFi\bin\;c:\Program Files\R\R-2.14.2\;c:\Program Files\R\R-2.14.2\bin\i386;c:\Qt\4.8.0\bin;c:\MinGW\bin;c:\MinGW\msys\1.0\bin;C:\Program Files\MATLAB\R2009b\bin;C:\Program Files\TortoiseHg;c:\GTK\bin
USERNAME=Owner
OS=Windows_NT
PROCESSOR_IDENTIFIER=x86 Family 6 Model 15 Stepping 11, GenuineIntel



---------------  S Y S T E M  ---------------

OS: Windows XP Build 2600 Service Pack 3

CPU:total 2 (2 cores per cpu, 1 threads per core) family 6 model 15 stepping 11, cmov, cx8, fxsr, mmx, sse, sse2, sse3, ssse3, tsc

Memory: 4k page, physical 2062564k(219356k free), swap 4002460k(2040480k free)

vm_info: Java HotSpot(TM) Server VM (23.21-b01) for windows-x86 JRE (1.7.0_21-b11), built on Apr  4 2013 04:40:00 by "java_re" with unknown MS VC++:1600

time: Thu Jun 06 16:52:01 2013
elapsed time: 10 seconds

